0 info it worked if it ends with ok
1 verbose cli [ 'D:\\node.js\\node.exe',
1 verbose cli   'D:\\node.js\\node_modules\\npm\\bin\\npm-cli.js',
1 verbose cli   'start' ]
2 info using npm@4.1.2
3 info using node@v7.6.0
4 verbose run-script [ 'prestart', 'start', 'poststart' ]
5 info lifecycle banksystem-client@0.0.0~prestart: banksystem-client@0.0.0
6 silly lifecycle banksystem-client@0.0.0~prestart: no script for prestart, continuing
7 info lifecycle banksystem-client@0.0.0~start: banksystem-client@0.0.0
8 verbose lifecycle banksystem-client@0.0.0~start: unsafe-perm in lifecycle true
9 verbose lifecycle banksystem-client@0.0.0~start: PATH: D:\node.js\node_modules\npm\bin\node-gyp-bin;C:\Users\Administrator\Desktop\banksystem1\node_modules\.bin;C:\Users\Administrator\bin;D:\Git\mingw32\bin;D:\Git\usr\local\bin;D:\Git\usr\bin;D:\Git\usr\bin;D:\Git\mingw32\bin;D:\Git\usr\bin;C:\Users\Administrator\bin;D:\Java\jdk1.8.0_122\bin;D:\Java\jdk1.8.0_122\jre\bin;F:\oracle\product\10.2.0\client_1\bin;F:\oracle\product\10.2.0\db_1\bin;C:\ProgramData\Oracle\Java\javapath;C:\Windows\system32;C:\Windows;C:\Windows\System32\Wbem;C:\Windows\System32\WindowsPowerShell\v1.0;C:\Program Files\TortoiseSVN\bin;C:\WindowsSystem32;D:\Git\cmd;D:\maven\bin;D:\node.js;D:\mysql-5.7.19-win32\bin;D:\mysql-5.7.19-win32\bin;C:\Users\Administrator\AppData\Local\Programs\Python\Python35-32\Scripts;C:\Users\Administrator\AppData\Local\Programs\Python\Python35-32;C:\Users\Administrator\AppData\Local\Microsoft\WindowsApps;C:\Users\Administrator\AppData\Roaming\npm;D:\Microsoft VS Code\bin;D:\Git\usr\bin\vendor_perl;D:\Git\usr\bin\core_perl
10 verbose lifecycle banksystem-client@0.0.0~start: CWD: C:\Users\Administrator\Desktop\banksystem1
11 silly lifecycle banksystem-client@0.0.0~start: Args: [ '/d /s /c', 'node ./bin/www' ]
12 silly lifecycle banksystem-client@0.0.0~start: Returned: code: 1  signal: null
13 info lifecycle banksystem-client@0.0.0~start: Failed to exec start script
14 verbose stack Error: banksystem-client@0.0.0 start: `node ./bin/www`
14 verbose stack Exit status 1
14 verbose stack     at EventEmitter.<anonymous> (D:\node.js\node_modules\npm\lib\utils\lifecycle.js:279:16)
14 verbose stack     at emitTwo (events.js:106:13)
14 verbose stack     at EventEmitter.emit (events.js:192:7)
14 verbose stack     at ChildProcess.<anonymous> (D:\node.js\node_modules\npm\lib\utils\spawn.js:40:14)
14 verbose stack     at emitTwo (events.js:106:13)
14 verbose stack     at ChildProcess.emit (events.js:192:7)
14 verbose stack     at maybeClose (internal/child_process.js:890:16)
14 verbose stack     at Process.ChildProcess._handle.onexit (internal/child_process.js:226:5)
15 verbose pkgid banksystem-client@0.0.0
16 verbose cwd C:\Users\Administrator\Desktop\banksystem1\bin
17 error Windows_NT 10.0.14393
18 error argv "D:\\node.js\\node.exe" "D:\\node.js\\node_modules\\npm\\bin\\npm-cli.js" "start"
19 error node v7.6.0
20 error npm  v4.1.2
21 error code ELIFECYCLE
22 error banksystem-client@0.0.0 start: `node ./bin/www`
22 error Exit status 1
23 error Failed at the banksystem-client@0.0.0 start script 'node ./bin/www'.
23 error Make sure you have the latest version of node.js and npm installed.
23 error If you do, this is most likely a problem with the banksystem-client package,
23 error not with npm itself.
23 error Tell the author that this fails on your system:
23 error     node ./bin/www
23 error You can get information on how to open an issue for this project with:
23 error     npm bugs banksystem-client
23 error Or if that isn't available, you can get their info via:
23 error     npm owner ls banksystem-client
23 error There is likely additional logging output above.
24 verbose exit [ 1, true ]
